Calculando intersecciones cruzadas entre los elementos de las dos ciudades...
Generando archivo con las intersecciones en la ruta de la pipeline...
Archivo de intersecciones generado con éxito
Filas: Madrid, restaurantes
Columnas: Rome_Lazio, pois
*	poi 24153481_Marica Petrichella (0/4332)
*	poi 6403676_Vertecchi (1/4332)
*	poi 2079762_The Red Bicycle (2/4332)
*	poi 9837870_Baby Luna Park (3/4332)
*	poi 2015907_Templum Salutis (4/4332)
*	poi 17478200_Escape Room Alberone (5/4332)
*	poi 23175673_Fontana Di Piazza Del Catalone (6/4332)
*	poi 5960882_Teatro Roma (7/4332)
*	poi 26453699_Yoorney - Roma (8/4332)
*	poi 13527510_Ponte Pietro Nenni (9/4332)
*	poi 4961047_Welcome Italy - Day Tours (10/4332)
*	poi 12994372_Palazzo Alicorni (11/4332)
*	poi 11890213_Palazzo Salviati (12/4332)
*	poi 26259513_Aras (13/4332)
*	poi 13073027_Glu Glu Roma (14/4332)
*	poi 21312955_Enjoy Italy Tours (15/4332)
*	poi 1905957_Limousine Service in Rome (16/4332)
*	poi 24134232_Kida Aminata (17/4332)
*	poi 6542698_Wineart (18/4332)
*	poi 23947168_ETuk Tours Rome (19/4332)
*	poi 14156686_Mercato del Villaggio Olimpico (20/4332)
*	poi 23730846_Romaesublime (21/4332)
*	poi 6415642_Beads Shop Rome (22/4332)
*	poi 5932193_Seventy Bar - Pranzo - Aperitivi (23/4332)
*	poi 23824451_The Tour Spot (24/4332)
*	poi 12862097_Parrocchia di San Corbiniano (25/4332)
*	poi 20864616_Ministero dei Beni e delle Attivita Culturali (26/4332)
*	poi 2019138_Angels & Demons Tour (27/4332)
*	poi 19622819_Rome golf cart tours (28/4332)
*	poi 10200525_Torre dei Pierleoni (29/4332)
*	poi 16900770_Luxury Rome tour (30/4332)
*	poi 20157821_LATINONTHEROAD (31/4332)
*	poi 1156095_Vatican Guided Tours (32/4332)
*	poi 19212608_Wonder Italy (33/4332)
*	poi 243026_Basilica di Santa Maria in Aracoeli (34/4332)
*	poi 246083_Forum of Augustus (35/4332)
*	poi 26785208_Notorious Club Roma (36/4332)
*	poi 20295976_Golden Age Club - Speakeasy (37/4332)
*	poi 15324945_Roma Mia (38/4332)
*	poi 8555745_Rim-Taxi (39/4332)
*	poi 18317397_Piazza Capo di Ferro (40/4332)
*	poi 16818830_Car Service Roma (41/4332)
*	poi 23653397_Dok Bua Massage (42/4332)
*	poi 12995128_Bunny Sun (43/4332)
*	poi 14107504_Transferitalia (44/4332)
*	poi 478110_Piper Club (45/4332)
*	poi 191005_Palazzo del Freddo (46/4332)
*	poi 8041807_Cecilia Rome Tours (47/4332)
*	poi 10226603_Guglia di Pio IX (48/4332)
*	poi 19927764_Cantina Di Veroli - Enoteca 38 (49/4332)
*	poi 9995459_Museo di Anatomia Comparata "B. Grassi" (50/4332)
*	poi 2078853_Nora Thai Massage Center (51/4332)
*	poi 23660937_Addicted to Rome (52/4332)
*	poi 4010109_Unique Tours - Day Tour (53/4332)
*	poi 19970328_Galleria Continua - The St. Regis Rome (54/4332)
*	poi 20888282_Edificio storico - Palazzo Decorato di Via Tiburtina 205 (55/4332)
*	poi 590950_Fontana del Piazzale Konrad Adenauer (56/4332)
*	poi 23597229_Amantra Spa (57/4332)
*	poi 23393269_Le Mura Leonine (58/4332)
*	poi 2658702_Colosseum Bar Hop (59/4332)
*	poi 2043915_Maximus Tours Vatican Highlights (60/4332)
*	poi 13941898_Terre del Veio (61/4332)
*	poi 12853781_Acquedotto Claudio (62/4332)
*	poi 8121630_Trip2Rome (63/4332)
*	poi 13384400_Mercato Rionale Monti (64/4332)
*	poi 191105_Museo Nazionale di Castel Sant'Angelo (65/4332)
*	poi 13437766_Vinebliss Trip (66/4332)
*	poi 8621377_L`Oasi del Benessere (67/4332)
*	poi 12861901_Tumuli degli Orazi e Curiazi (68/4332)
*	poi 21258580_Bumbum Bar Brasileiro (69/4332)
*	poi 15355912_Grace Shop Parioli (70/4332)
*	poi 10222321_Fontana Di Piazza Sant'andrea (71/4332)
*	poi 2042870_My Bus Italy (72/4332)
*	poi 20095330_Lovetann Travel (73/4332)
*	poi 10995066_BonAppetour Rome (74/4332)
*	poi 3774652_C'era una Volta il Caffè - San Lorenzo (75/4332)
*	poi 21378764_Rome Vatican City tour (76/4332)
*	poi 14022023_Wheel Tours - Rome by Golf Cart (77/4332)
*	poi 15582017_Rome Airport Shuttles (78/4332)
*	poi 5552542_ipogeo di via livenza (79/4332)
*	poi 8529684_Tango Bar (80/4332)
*	poi 19994841_Black taxi (81/4332)
*	poi 12849295_Parrocchia di San Giovanni Battista de Rossi (82/4332)
*	poi 17175031_Go Ticket And Tour (83/4332)
*	poi 17763949_ANYWAYS EXPERIENCES (84/4332)
*	poi 24721641_Touring Fixer (85/4332)
*	poi 25258805_Photo Art Gallery (86/4332)
*	poi 12405388_Rome Group Tours (87/4332)
*	poi 11829262_SPB Tours Mediterranean Rome (88/4332)
*	poi 15076652_Parco Morelli (89/4332)
*	poi 10219569_Fontana del Pantheon (90/4332)
*	poi 14012487_Il Negozio Benedettino (91/4332)
*	poi 2339652_La Soffitta sotto i Portici (92/4332)
*	poi 6475433_Civitavecchia Shuttle Services (93/4332)
*	poi 12865560_Cappella di San Lorenzo in Palatio (94/4332)
*	poi 5503785_Church of Saint Nicholas of the Lorrains (95/4332)
*	poi 3228218_All Transfers in Rome (96/4332)
*	poi 1751358_Rome with a Roman (97/4332)
*	poi 11920592_Biblioteca LUISS (98/4332)
*	poi 21266312_Star Europe Tours (99/4332)
*	poi 10345322_Galleria Bab El Kasbah (100/4332)
*	poi 3200148_Udon Massage Sas (101/4332)
*	poi 196820_Mercato di Ponte Milvio (102/4332)
*	poi 4281562_Palestra Excalibur (103/4332)
*	poi 26396595_Treno Roma - Lido (104/4332)
*	poi 20913827_Nordcape Travel (105/4332)
*	poi 9987804_Obelisco Marconi (106/4332)
*	poi 6921931_Giro in Giro (107/4332)
*	poi 9795255_The Cardinal’s Cellar (108/4332)
*	poi 12819444_Limo Car in Rome (109/4332)
*	poi 17530737_Romina Antico (110/4332)
*	poi 590558_Torre del Grillo (111/4332)
*	poi 23335017_Liu Jo Abbigliamento Euroma2 (112/4332)
*	poi 5927196_BumBum di Mel (113/4332)
*	poi 1772177_Roma Bike Tour (114/4332)
*	poi 23554763_Esc Atelier (115/4332)
*	poi 191351_Rive Gauche (116/4332)
*	poi 4374186_Sancesario Bijoux (117/4332)
*	poi 19006725_Gladiator Tours (118/4332)
*	poi 10438130_Fontana del Fiocco (119/4332)
*	poi 12865558_Basilica di San Sisto Vecchio (120/4332)
*	poi 661699_Madonna del Piatto Cooking Classes in Rome (121/4332)
*	poi 209028_Music Inn (122/4332)
*	poi 2315991_Elena Kihlman Designer Concept Store (123/4332)
*	poi 20946643_Lisio Tessuti d'Arte (124/4332)
*	poi 6778506_Ars In Urbe  Aps (125/4332)
*	poi 13961169_Acid Drop (126/4332)
*	poi 10803185_BIA Autonoleggio (127/4332)
*	poi 13520291_Parrocchia San Gregorio VII (128/4332)
*	poi 12865583_Chiesa di Santa Maria Portae Paradisi (129/4332)
*	poi 6704123_Danielle shoes (130/4332)
*	poi 4821126_Profondo Rosso Store (131/4332)
*	poi 15051855_YourCabsRome (132/4332)
*	poi 10185005_Big Bus Tours (133/4332)
*	poi 21325250_Daatour Di Micaela Tagliacozzo (134/4332)
*	poi 14052519_Nausicaa Bellezza & Benessere (135/4332)
*	poi 13108607_Palazzo dell'Istituto Nazionale di Statistica (136/4332)
*	poi 1891964_Piazza di Santa Maria Liberatrice (137/4332)
*	poi 19882663_Europe Private Guide (138/4332)
*	poi 12001399_Monkeys Island (139/4332)
*	poi 8821577_Italy Luxury Car Hire (140/4332)
*	poi 18922014_Doooing Experience (141/4332)
*	poi 4172773_Cappella di San Silvestro Roma (142/4332)
*	poi 27439602_Palacio Del Viminale (143/4332)
*	poi 8353535_Ceramiche Italiane - De Sanctis 1890 (144/4332)
*	poi 12865498_Chiesa di San Gregorio Nazianzeno (145/4332)
*	poi 7112606_Mama Laboratori di Cucina (146/4332)
*	poi 1798631_Giovanni Musella (147/4332)
*	poi 11548422_Ponte Cavour (148/4332)
*	poi 6628353_Cargo (149/4332)
*	poi 5449582_ICE park (150/4332)
*	poi 26878250_Luggage Storage Rome (151/4332)
*	poi 12865209_Arco degli Argentari (152/4332)
*	poi 7292043_Spazio Nuovo Contemporary Art (153/4332)
*	poi 19510245_European Top Travel (154/4332)
*	poi 4988841_Chiesa Evangelica Valdese (155/4332)
*	poi 12135826_Parco Pubblico della Porticus Aemilia (156/4332)
*	poi 1900848_CSTRents - Rome Segway PT Authorized Tour (157/4332)
*	poi 6694153_Chiesa dei Santi Vito e Modesto (158/4332)
*	poi 13520025_Cinema Antares (159/4332)
*	poi 13511532_Teatro Biblioteca Quarticciolo (160/4332)
*	poi 26193679_Walkinguide (161/4332)
*	poi 11924355_Biblioteca della Società Geografica Italiana (162/4332)
*	poi 18895896_The Tour (163/4332)
*	poi 12637285_Area Archeologica Santa Croce di Gerusalemme (164/4332)
*	poi 10384658_Palazzo Altieri (165/4332)
*	poi 5931514_Bar carlo (166/4332)
*	poi 21079282_Veio Quarter Horses (167/4332)
*	poi 196836_Tempio del Divo Giulio (168/4332)
*	poi 26286685_Parrocchia di S.Francesca Romana (169/4332)
*	poi 12948539_Chiostro di Giuliano da Sangallo (170/4332)
*	poi 23687021_Guided Rome Tours (171/4332)
*	poi 23526171_Arco Di San Lazzaro (172/4332)
*	poi 3244090_Teatro Italia (173/4332)
*	poi 7178762_Parco Tor Tre Teste (174/4332)
*	poi 2228325_Rome-Limousines (175/4332)
*	poi 5575063_Trilussa Palace Congress Spa (176/4332)
*	poi 5931919_Caffe Respiro (177/4332)
*	poi 23801576_Homeless Jesus (178/4332)
*	poi 11910313_Quirinetta (179/4332)
*	poi 10793225_Thai Massage Roma (180/4332)
*	poi 7708727_Sorgente Group Foundation (181/4332)
*	poi 1723897_Gioia Private Tours & Trips (182/4332)
*	poi 12853764_Parrocchia della Natività di Nostro Signore Gesù Cristo (183/4332)
*	poi 6499677_Magazzino 23.9 (184/4332)
*	poi 2427318_Selected Tours (185/4332)
*	poi 23979185_Magnifico Food Store (186/4332)
*	poi 8434495_Kami Wellness Center (187/4332)
*	poi 26337691_Walk In Rome Tours (188/4332)
*	poi 246139_Parioli (189/4332)
*	poi 5931149_Antico Caffe' del Moro - TIME to Drink (190/4332)
*	poi 11907553_Nuovi Quaderni di Capestrano (191/4332)
*	poi 19517077_Enoteca Frustagli (192/4332)
*	poi 12012425_Fontanile di Pio IX (193/4332)
*	poi 15779786_Cappella Prima Primaria al Collegio Romano (194/4332)
*	poi 26873579_Fiat 500 Rome Tour (195/4332)
*	poi 17624398_Week End à Rome (196/4332)
*	poi 6454276_WSA Europe -  Student & Budget Trips (197/4332)
*	poi 10354238_Chiesa di Sant'Angelo in Pescheria (198/4332)
*	poi 10660982_Museo Leonardo Da Vinci Experience (199/4332)
*	poi 14195359_Statua dell'Imperatore Nerva (200/4332)
*	poi 19945423_Talixo - Rome (201/4332)
*	poi 14109950_Parrocchia Santi Sette Fondatori (202/4332)
*	poi 3935723_Necropoli della Via Laurentina (203/4332)
*	poi 1514053_Rome Illuminated Guided Tours (204/4332)
*	poi 17854221_Green Coppola Driver (205/4332)
*	poi 12900932_Casa di Michelangelo (206/4332)
*	poi 23313070_Marvels Of Rome - Guide Turistiche Abilitate. (207/4332)
*	poi 244659_Teatro di Roma - Argentina (208/4332)
*	poi 12973741_Baglioni SPA (209/4332)
*	poi 7050230_Great Tours of Rome (210/4332)
*	poi 11913240_Guida Turistica Roma (211/4332)
*	poi 11443845_Parco Regionale Urbano di Aguzzano (212/4332)
*	poi 24968089_Busto Manuel Belgrano (213/4332)
*	poi 17295123_FLYBOARD ROMA (214/4332)
*	poi 5927060_Bar Tabacchi Valpadana (215/4332)
*	poi 10226565_Parco di Villa Chigi (216/4332)
*	poi 25620939_Cappella dei Pamphili (217/4332)
*	poi 17782533_De Marchis Limo & Services (218/4332)
*	poi 12336968_Ponte Giuseppe Mazzini (219/4332)
*	poi 5922752_Pippo Bar (220/4332)
*	poi 3677555_Buzz4Tours (221/4332)
*	poi 11884548_Biblioteca Centrale Giuridica (222/4332)
*	poi 4055424_Rome Day Tours with Rich Brunn (223/4332)
*	poi 11919471_Chiesa della Beata Teresa di Calcutta (224/4332)
*	poi 12997715_Our Spa (225/4332)
*	poi 8468494_Rome van Dichtbij (226/4332)
*	poi 17608604_Satyrus Temporary Bar (227/4332)
*	poi 27164082_Río Tiber (228/4332)
*	poi 3840721_Spicy Italian Life - Cooking Classes Rome (229/4332)
*	poi 11897652_La Casa dei Pupazzi – Palazzo Crivelli (230/4332)
*	poi 191370_Libreria Feltrinelli International (231/4332)
*	poi 10004314_Enoteca Letteraria (232/4332)
*	poi 8649179_Domus Severiana (233/4332)
*	poi 2292279_Rome Tour Guided Tours (234/4332)
*	poi 8683544_Anna Retico Design (235/4332)
*	poi 4502896_Pinacoteca del Tesoriere (236/4332)
*	poi 12849360_Chiesa di San Filippo Neri in Eurosia (237/4332)
*	poi 27180912_Mausoleo de Augusto (238/4332)
*	poi 12162342_Muro Libero di Via Collatina (239/4332)
*	poi 11631365_Complesso monumentale di San Michele a Ripa - Ex Casa di Correzione di Carlo Fontana (240/4332)
*	poi 12994617_Palazzo Gabrielli Mignanelli (241/4332)
*	poi 23624638_Bosco Della Massimina (242/4332)
*	poi 14997243_Temple of Feronia (243/4332)
*	poi 4358802_Italian Fitness Park Kolbe (244/4332)
*	poi 17759042_Piazza della Madonna dei Monti (245/4332)
*	poi 13076869_Arco dei Pantani (246/4332)
*	poi 12975307_La Vanite Centro di Bellezza (247/4332)
*	poi 25516896_Cavalletti caffè pasticceria (248/4332)
*	poi 1419950_Rome Congress Center (249/4332)
*	poi 12258785_Teatro Tor Bella Monaca (250/4332)
*	poi 4480522_City Lights Tours (251/4332)
*	poi 19067289_Frayin Travel (252/4332)
*	poi 25279898_Camminamento Su Mura A Via Campania (253/4332)
*	poi 6438181_Rome Wonderful Tours - Private Day Tours (254/4332)
*	poi 17543525_OLGA DI CAGNO (255/4332)
*	poi 16826559_AROUND THE CITY (256/4332)
*	poi 25182526_Rental and Tour (257/4332)
*	poi 17729855_Discover Rome Tours (258/4332)
*	poi 6685830_Chi Cerca Trova (259/4332)
*	poi 9995429_Antiquarium di Lucrezia Romana - Parco Archeologico dell'Appia Antica (260/4332)
*	poi 240658_Colombario di Pomponio Hylas (261/4332)
*	poi 10422731_Gli Obelischi (262/4332)
*	poi 12853702_Parrocchia Sant'Eugenio (263/4332)
*	poi 23399330_Monumento a Pietro Cossa (264/4332)
*	poi 245582_Cinema Nuovo Olimpia (265/4332)
*	poi 4471036_Birreria Zero56 (266/4332)
*	poi 19832759_tickets rome (267/4332)
*	poi 5931286_La Pineta Bar Pasticceria (268/4332)
*	poi 3346789_Pierecci's Underground Colosseum Tour (269/4332)
*	poi 5617539_Chiesa dei Santi Domenico e Sisto (270/4332)
*	poi 2149467_Cioccolata e Vino (271/4332)
*	poi 20947704_Farmacia Senato (272/4332)
*	poi 3948602_Parco Nemorense o Virgiliano (273/4332)
*	poi 4108054_Wine Bar Rere' (274/4332)
*	poi 26855352_Caffè Carra Torrefazione (275/4332)
*	poi 10399239_Rome Transfers Professional Transfers Service (276/4332)
*	poi 25085562_Il Baretto Di Via Ostia (277/4332)
*	poi 12857552_Chiesa dell'Ascensione di Nostro Signore Gesù Cristo (278/4332)
*	poi 17677051_Sara Malchiodi (279/4332)
*	poi 26715598_Laboratorio di fettuccine e gnocchi nel cuore di Roma (280/4332)
*	poi 21095678_Vatican Tours inc (281/4332)
*	poi 5927373_Coffee Hour (282/4332)
*	poi 17738105_ROME ELITE - Private and exclusive activities (283/4332)
*	poi 15656800_Capitolium Tours (284/4332)
*	poi 7592702_Colosseum and Vatican Tours by Italy Wonders (285/4332)
*	poi 3238660_Guest in Italy (286/4332)
*	poi 17736087_Federica D'Orazio (287/4332)
*	poi 8627130_Roma Transfer (288/4332)
*	poi 12232944_Cipressi di Michelangelo (289/4332)
*	poi 26861377_Vespa Tour in the Eternal City Rome (290/4332)
*	poi 6510790_Teatro Golden (291/4332)
*	poi 5773194_Hula Hoop Club (292/4332)
*	poi 10482608_Nuovo Cinema Palazzo (293/4332)
*	poi 12257011_Mercato di Via Tiburtina di Roma (294/4332)
*	poi 13520292_Parrocchia del Santissimo Crocifisso (295/4332)
*	poi 590547_Torre dei Margani (296/4332)
*	poi 6474550_Mandrione (297/4332)
*	poi 26369784_Arco di Papa Sisto V (298/4332)
*	poi 5924480_Bar Tabacchi  Casarola (299/4332)
*	poi 24849417_Tours of Rome (300/4332)
*	poi 12874857_Largo (301/4332)
*	poi 12994590_Palazzo delle Finanze (302/4332)
*	poi 12256928_Easy Bike Rent (303/4332)
*	poi 8286622_Alwaysrome (304/4332)
*	poi 191119_Fontana del Ponte Sisto (305/4332)
*	poi 6715399_Nota Bene (306/4332)
*	poi 12083524_Chiesa di San Filippo Neri (307/4332)
*	poi 25067152_Piazza Di Santa Cecilia (308/4332)
*	poi 190990_Centrale Montemartini (309/4332)
*	poi 12853799_Catacombe di Pretestato (310/4332)
*	poi 4086758_Maya Tours (311/4332)
*	poi 8733829_Villa Poniatowski (312/4332)
*	poi 20245465_Arco di Santa Margherita (313/4332)
*	poi 9754949_Sistina Tours (314/4332)
*	poi 11894637_Palazzo Verospi (315/4332)
*	poi 12972413_Aesthetic Center Athena (316/4332)
*	poi 25562220_Andre Sobrino (317/4332)
*	poi 10078568_LM Frutta (318/4332)
*	poi 3544700_Daniel Gelo (319/4332)
*	poi 2371403_Borri Books (320/4332)
*	poi 24948627_ROMA IN TOURS (321/4332)
*	poi 5499114_Ripa Beauty (322/4332)
*	poi 19240921_Palazzo Gaddi Cesi (323/4332)
*	poi 6483413_Rome Travel Start - Limo & Service (324/4332)
*	poi 18922405_Fontana del Nettuno in Piazza del Popolo (325/4332)
*	poi 25054753_World City Trail (326/4332)
*	poi 10754627_Palazzo e Torre degli Anguillara (327/4332)
*	poi 19638071_Bags & Fruits (328/4332)
*	poi 13222089_Triclinium Leoninum (329/4332)
*	poi 23140528_Moby Dick Bufalotta (330/4332)
*	poi 17766697_Fly X (331/4332)
*	poi 1549786_New Rome Free Tour (332/4332)
*	poi 190123_Trastevere (333/4332)
*	poi 13137785_MovinRome (334/4332)
*	poi 11889557_Palazzo Vidoni Caffarelli (335/4332)
*	poi 15114358_Arterome (336/4332)
*	poi 23659783_Neman Collection -Italian Foodie Experiences with Teuda (337/4332)
*	poi 6105483_Rolling Rome Tours & Rents (338/4332)
*	poi 15771112_MEET AND GREET ITALY (339/4332)
*	poi 12526300_Parco Santa Maria della Pietà (340/4332)
*	poi 7914920_Chiesa di Santa Caterina da Siena (341/4332)
*	poi 7195762_Antica Norcineria (342/4332)
*	poi 196821_Via Flaminia (343/4332)
*	poi 12853852_Parrocchia Santa Emerenziana (344/4332)
*	poi 14200043_Statua dell'Imperatore Adriano (345/4332)
*	poi 23863339_Camera Dei Deputati (346/4332)
*	poi 8713597_Piazza San Silvestro (347/4332)
*	poi 15549759_Saints Tour (348/4332)
*	poi 17614133_Teatro Torlonia (349/4332)
*	poi 12236621_Fisiko (350/4332)
*	poi 8421800_Bikram Yoga True Love (351/4332)
*	poi 245877_Scala Santa and Chapel of San Lorenzo (352/4332)
*	poi 9607801_Multisala Lux (353/4332)
*	poi 13957719_Palazzo Ricci (354/4332)
*	poi 191007_Il Piccolo (355/4332)
*	poi 6615081_Cris Colombo (356/4332)
*	poi 19852345_Sharma mar srl (357/4332)
*	poi 246109_The Old Jewish Quarter (358/4332)
*	poi 20992314_Fontana del Cupido (359/4332)
*	poi 3218997_Felt Music Club (360/4332)
*	poi 7153613_Photographing Rome (361/4332)
*	poi 4108073_Caffe Leonardo da vinci (362/4332)
*	poi 23659647_Mariaclaudia Cristofano (363/4332)
*	poi 12620478_RhomeChef (364/4332)
*	poi 7805185_Monumento a Nikolay Gogol (365/4332)
*	poi 15127879_Tours For My Kids (366/4332)
*	poi 2372825_Italy Driving Guide (367/4332)
*	poi 3207975_Paola your Personal Guide of Rome- Private day tours (368/4332)
*	poi 18930023_Fontana del Mascherone (369/4332)
